SF:lib/main.dart
DA:18,0
DA:19,0
DA:23,1
DA:25,2
DA:27,2
DA:28,0
DA:29,2
DA:32,2
DA:33,2
DA:38,1
DA:39,2
DA:40,2
DA:41,0
DA:42,0
DA:43,0
DA:45,2
DA:46,0
DA:48,0
DA:49,0
DA:50,0
DA:51,0
DA:52,0
DA:53,0
DA:55,2
DA:56,1
DA:57,1
DA:58,2
DA:60,0
DA:61,0
DA:63,0
DA:64,0
DA:65,0
DA:66,0
DA:68,0
DA:69,0
DA:70,0
DA:71,0
DA:74,0
DA:75,0
DA:76,0
DA:77,0
DA:78,0
DA:79,0
DA:80,0
DA:82,0
DA:83,0
DA:84,0
DA:85,0
DA:87,0
DA:88,0
DA:89,0
DA:90,0
DA:101,1
DA:103,0
DA:104,0
DA:107,0
DA:108,0
DA:111,0
DA:115,2
DA:117,2
DA:118,2
DA:119,2
DA:120,2
DA:125,4
DA:128,2
DA:130,2
DA:132,2
DA:133,2
DA:144,2
DA:148,8
DA:151,2
DA:152,4
DA:153,4
DA:154,4
DA:155,4
DA:175,2
DA:180,2
DA:182,8
DA:183,2
DA:184,0
DA:185,0
DA:187,2
DA:189,2
DA:190,2
DA:191,2
DA:192,4
DA:194,0
DA:195,0
DA:196,0
DA:204,2
DA:206,2
DA:208,2
DA:209,4
DA:215,2
DA:216,4
LF:95
LH:47
end_of_record
SF:lib/models/cart.dart
DA:7,6
DA:9,6
DA:11,2
DA:12,6
DA:13,6
DA:14,6
DA:18,3
DA:27,14
DA:28,3
DA:30,2
DA:31,3
DA:32,2
DA:35,9
DA:44,3
DA:47,2
DA:48,14
DA:49,2
DA:52,2
DA:54,14
DA:55,2
DA:56,2
DA:57,1
DA:59,10
DA:60,2
DA:65,2
DA:66,4
DA:67,2
LF:27
LH:27
end_of_record
SF:lib/models/cart_item.dart
DA:9,3
DA:18,2
DA:26,2
DA:27,2
DA:28,2
DA:29,2
DA:30,2
DA:31,2
DA:32,0
DA:36,0
DA:38,0
DA:41,0
DA:44,0
DA:45,0
DA:46,0
DA:47,0
DA:48,0
DA:49,0
DA:50,0
DA:53,0
DA:55,0
DA:56,0
DA:57,0
DA:58,0
DA:59,0
DA:60,0
LF:26
LH:8
end_of_record
SF:lib/models/product.dart
DA:12,2
DA:24,2
DA:26,20
LF:3
LH:3
end_of_record
SF:lib/product_page.dart
DA:12,2
DA:14,2
DA:15,2
DA:25,2
DA:27,2
DA:30,2
DA:32,4
DA:33,2
DA:36,2
DA:38,4
DA:39,3
DA:40,2
DA:41,2
DA:42,2
DA:43,2
DA:48,2
DA:51,2
DA:52,2
DA:53,4
DA:56,2
DA:59,2
DA:60,2
DA:61,2
DA:63,2
DA:64,2
DA:65,2
DA:66,2
DA:68,0
DA:69,0
DA:70,0
DA:94,2
DA:95,2
DA:97,2
DA:99,2
DA:100,2
DA:101,2
DA:110,2
DA:111,2
DA:112,2
DA:113,2
DA:114,6
DA:123,2
DA:124,6
DA:135,1
DA:136,3
DA:144,2
DA:147,2
DA:149,2
DA:151,2
DA:152,2
DA:154,2
DA:161,2
DA:165,2
DA:166,2
DA:167,2
DA:168,2
DA:171,2
DA:173,2
DA:176,2
DA:177,6
DA:178,2
DA:179,2
DA:180,1
DA:181,2
DA:182,1
DA:193,2
DA:195,2
DA:198,2
DA:200,2
DA:207,2
DA:209,2
DA:210,2
DA:211,2
DA:212,2
DA:215,2
DA:219,2
DA:220,2
DA:227,1
DA:228,2
DA:229,2
DA:230,2
DA:231,2
DA:232,2
DA:237,2
DA:238,2
DA:240,2
DA:241,2
DA:254,2
DA:256,2
DA:258,1
DA:259,1
DA:261,1
DA:262,1
DA:263,1
DA:265,2
DA:266,2
DA:267,1
DA:268,1
DA:269,1
DA:271,1
DA:272,1
DA:273,1
DA:279,2
DA:286,1
DA:287,2
DA:288,2
DA:289,2
DA:290,2
DA:291,2
DA:306,2
DA:309,2
DA:312,2
DA:313,1
DA:315,1
DA:316,2
DA:323,2
DA:324,1
DA:325,1
DA:326,2
DA:327,1
DA:328,1
DA:329,1
DA:331,2
DA:332,1
DA:333,1
DA:334,4
DA:337,2
DA:340,2
DA:341,2
DA:348,2
DA:349,2
DA:358,2
DA:359,2
DA:360,2
DA:368,2
DA:369,2
DA:370,8
DA:383,2
DA:385,2
DA:388,2
DA:394,1
DA:396,1
LF:142
LH:139
end_of_record
SF:lib/widgets/header_widget.dart
DA:5,2
DA:7,0
DA:8,0
DA:11,0
DA:15,9
DA:17,36
DA:18,9
DA:21,9
DA:22,9
DA:24,9
DA:25,0
DA:26,9
DA:39,9
DA:40,9
DA:42,9
DA:43,9
DA:44,9
DA:45,0
DA:46,0
DA:48,9
DA:52,8
DA:53,8
DA:54,8
DA:66,9
DA:69,9
DA:73,9
DA:74,9
DA:75,0
DA:82,9
DA:83,0
DA:84,0
DA:91,9
DA:92,9
DA:99,9
DA:100,0
DA:101,0
DA:109,9
DA:110,1
DA:111,1
DA:118,9
DA:119,9
DA:129,9
DA:131,9
DA:133,9
DA:134,9
DA:145,9
DA:147,9
DA:158,0
DA:159,0
DA:161,9
DA:172,0
DA:173,0
DA:176,6
DA:177,12
DA:188,4
DA:190,2
LF:56
LH:41
end_of_record
SF:lib/widgets/footer_widget.dart
DA:4,2
DA:6,0
DA:10,9
DA:11,9
DA:13,9
DA:14,9
DA:24,18
DA:25,9
DA:27,9
DA:29,9
DA:38,9
DA:40,9
DA:42,9
DA:43,9
DA:44,9
DA:45,9
DA:46,9
DA:48,9
DA:51,9
DA:63,9
DA:65,9
DA:67,9
DA:69,9
DA:70,9
DA:72,9
DA:73,9
DA:74,18
DA:76,5
DA:77,5
DA:78,10
DA:85,10
DA:86,5
DA:88,5
DA:90,5
DA:92,5
DA:97,9
DA:99,9
DA:100,9
DA:101,18
DA:109,9
DA:110,18
DA:111,9
DA:113,9
DA:115,9
DA:117,9
LF:45
LH:44
end_of_record
SF:lib/widgets/mobile_navbar_widget.dart
DA:4,2
DA:6,1
DA:7,2
DA:10,1
DA:13,3
DA:15,3
DA:17,3
DA:19,3
DA:20,3
DA:22,3
DA:23,4
DA:30,3
DA:32,3
DA:33,0
DA:40,3
DA:42,3
DA:43,2
DA:51,3
DA:53,3
DA:54,0
DA:61,3
DA:63,3
DA:64,2
DA:71,3
DA:73,3
DA:74,2
LF:26
LH:24
end_of_record
SF:lib/collection_page.dart
DA:13,1
DA:15,1
DA:16,1
DA:25,0
DA:26,0
DA:29,0
DA:30,0
DA:33,0
DA:37,1
DA:40,6
DA:41,1
DA:44,2
DA:46,0
DA:47,0
DA:49,0
DA:50,0
DA:51,0
DA:52,0
DA:53,0
DA:54,0
DA:59,0
DA:62,1
DA:63,1
DA:64,1
DA:65,5
DA:67,0
DA:68,0
DA:70,0
DA:71,0
DA:76,3
DA:77,3
DA:78,1
DA:79,1
DA:81,3
DA:84,4
DA:85,1
DA:87,1
DA:88,1
DA:90,1
DA:104,1
DA:107,0
DA:108,0
DA:109,0
DA:112,1
DA:115,0
DA:116,0
DA:117,0
DA:120,1
DA:123,0
DA:124,0
DA:125,0
DA:128,1
DA:134,0
DA:135,0
DA:136,0
DA:139,1
DA:142,0
DA:143,0
DA:144,0
DA:147,1
DA:150,0
DA:151,0
DA:152,0
DA:159,1
DA:160,1
DA:161,1
DA:166,1
DA:168,1
DA:169,1
DA:170,1
DA:172,1
DA:174,1
DA:175,3
DA:184,1
DA:186,1
DA:187,1
DA:188,1
DA:189,0
DA:190,0
DA:191,0
DA:196,1
DA:197,1
DA:198,0
DA:199,0
DA:200,0
DA:208,1
DA:215,3
DA:216,1
DA:218,1
DA:219,1
DA:221,1
DA:222,1
DA:224,0
DA:225,0
DA:226,0
DA:231,1
DA:249,1
DA:254,1
DA:256,4
DA:257,1
DA:258,1
DA:259,4
DA:261,1
DA:263,1
DA:264,1
DA:265,1
DA:266,2
DA:268,0
DA:269,0
DA:270,0
DA:278,1
DA:280,1
DA:282,1
DA:283,2
DA:289,1
DA:290,2
LF:116
LH:68
end_of_record
SF:lib/widgets/sort_widget.dart
DA:7,2
DA:13,2
DA:15,2
DA:17,2
DA:18,2
DA:51,1
DA:53,2
LF:7
LH:7
end_of_record
SF:lib/widgets/filter_widget.dart
DA:7,2
DA:13,2
DA:15,2
DA:17,2
DA:27,2
DA:29,6
DA:30,4
DA:31,2
DA:32,2
DA:34,2
DA:40,1
DA:41,2
DA:43,1
DA:45,0
DA:47,2
DA:49,2
DA:53,2
LF:17
LH:16
end_of_record
SF:lib/widgets/pagination_widget.dart
DA:8,5
DA:15,5
DA:18,20
DA:21,5
DA:23,5
DA:24,5
DA:26,20
DA:27,5
DA:38,5
DA:43,5
DA:44,5
DA:45,15
DA:46,5
DA:51,5
DA:52,5
DA:53,15
DA:54,10
DA:56,5
LF:18
LH:18
end_of_record
SF:lib/about_page.dart
DA:6,1
DA:8,0
DA:9,0
DA:12,0
DA:13,0
DA:16,0
DA:20,1
DA:22,4
DA:23,1
DA:25,1
DA:26,1
DA:28,1
DA:42,1
DA:45,0
DA:46,0
DA:47,0
DA:50,1
DA:53,0
DA:54,0
DA:55,0
DA:58,1
DA:61,0
DA:62,0
DA:63,0
DA:66,1
DA:72,0
DA:73,0
DA:74,0
DA:77,1
DA:80,0
DA:81,0
DA:82,0
DA:85,1
DA:88,0
DA:89,0
DA:90,0
DA:97,1
DA:98,1
DA:99,1
DA:103,1
LF:40
LH:17
end_of_record
SF:lib/cart_page.dart
DA:8,1
DA:10,1
DA:12,1
DA:13,3
DA:14,1
DA:17,1
DA:18,1
DA:19,1
DA:21,1
DA:22,2
DA:23,1
DA:24,1
DA:33,1
DA:34,1
DA:35,1
DA:36,1
DA:38,1
DA:40,1
DA:41,1
DA:44,1
DA:57,1
DA:59,1
DA:61,1
DA:66,1
DA:67,1
DA:68,1
DA:70,1
DA:97,1
DA:99,1
DA:100,1
DA:101,1
DA:102,1
DA:104,1
DA:116,4
DA:118,1
DA:120,1
DA:122,1
DA:130,1
DA:131,1
DA:133,1
DA:134,1
DA:135,1
DA:137,1
DA:139,1
DA:140,1
DA:142,1
DA:143,1
DA:144,4
DA:151,1
DA:152,3
DA:163,1
DA:164,2
DA:165,1
DA:166,1
DA:169,1
DA:176,1
DA:193,1
DA:194,1
DA:195,2
DA:208,1
DA:211,4
DA:212,2
DA:214,1
DA:216,1
DA:219,1
DA:220,0
DA:226,1
DA:228,1
DA:230,1
DA:232,2
DA:235,1
DA:236,1
DA:240,1
DA:241,1
DA:242,1
DA:244,1
DA:252,0
DA:254,0
DA:256,0
DA:257,0
DA:259,0
DA:260,0
DA:262,0
DA:263,0
DA:268,0
DA:270,0
DA:271,0
DA:272,0
DA:280,1
DA:281,1
DA:283,1
DA:284,1
DA:285,1
DA:294,1
DA:295,2
DA:296,1
DA:298,1
DA:303,1
DA:304,2
DA:305,1
DA:307,1
DA:312,1
DA:313,2
DA:326,1
DA:327,1
DA:329,1
DA:330,1
DA:331,1
DA:332,2
DA:333,1
DA:334,5
DA:341,1
DA:343,1
DA:344,2
DA:352,1
DA:353,1
DA:354,5
DA:365,1
DA:366,1
DA:367,1
DA:368,1
DA:371,1
DA:377,1
DA:378,1
DA:380,1
DA:381,1
DA:386,1
DA:387,3
DA:390,1
DA:391,1
DA:392,1
DA:393,2
DA:400,1
DA:401,1
DA:402,1
DA:403,3
DA:404,2
DA:405,2
DA:415,1
DA:417,1
DA:418,1
DA:430,1
DA:431,1
DA:432,1
DA:433,1
DA:438,1
DA:439,1
DA:442,1
LF:148
LH:135
end_of_record
SF:lib/collections.dart
DA:8,1
DA:10,1
DA:11,1
DA:18,0
DA:19,0
DA:22,1
DA:24,3
DA:25,3
DA:26,1
DA:27,1
DA:29,3
DA:32,4
DA:34,1
DA:35,1
DA:36,1
DA:38,1
DA:39,1
DA:41,1
DA:43,1
DA:53,1
DA:54,1
DA:55,1
DA:56,1
DA:57,1
DA:62,2
DA:63,1
DA:65,1
DA:66,1
DA:68,1
DA:69,0
DA:70,0
DA:71,1
DA:72,1
DA:75,1
DA:76,1
DA:77,1
DA:79,1
DA:80,1
DA:81,1
DA:84,0
DA:85,0
DA:86,0
DA:96,1
DA:100,1
DA:107,1
DA:108,1
DA:122,1
DA:124,1
DA:125,1
DA:138,1
DA:141,1
DA:142,0
DA:144,0
DA:145,0
DA:147,0
DA:148,0
DA:149,0
LF:57
LH:44
end_of_record
SF:lib/models/collection.dart
DA:7,1
DA:14,1
DA:16,5
LF:3
LH:3
end_of_record
SF:lib/data/promotions.dart
DA:3,6
LF:1
LH:1
end_of_record
SF:lib/models/promotion_slide.dart
DA:8,1
LF:1
LH:1
end_of_record
SF:lib/login_page.dart
DA:7,1
DA:9,1
DA:10,1
DA:24,1
DA:26,1
DA:27,2
DA:30,1
DA:32,2
DA:33,2
DA:34,2
DA:35,2
DA:36,2
DA:37,2
DA:38,2
DA:39,1
DA:42,1
DA:44,4
DA:47,1
DA:48,1
DA:49,1
DA:51,1
DA:52,1
DA:53,1
DA:54,1
DA:55,1
DA:56,1
DA:57,1
DA:63,1
DA:64,1
DA:65,1
DA:66,1
DA:68,1
DA:69,1
DA:70,1
DA:72,1
DA:73,1
DA:74,1
DA:86,1
DA:87,1
DA:91,1
DA:92,1
DA:98,1
DA:99,1
DA:112,1
DA:113,1
DA:116,2
DA:123,1
DA:124,1
DA:125,3
DA:126,2
DA:132,1
DA:142,1
DA:143,1
DA:144,1
DA:146,1
DA:147,1
DA:148,1
DA:160,1
DA:161,1
DA:167,1
DA:168,1
DA:180,1
DA:181,1
DA:185,1
DA:186,1
DA:192,1
DA:193,1
DA:206,1
DA:207,1
DA:210,2
DA:216,1
DA:217,1
DA:230,1
DA:231,1
DA:234,3
DA:241,1
DA:242,1
DA:243,3
DA:244,2
DA:250,1
LF:80
LH:80
end_of_record
SF:lib/sale_page.dart
DA:8,1
DA:10,1
DA:12,4
DA:13,3
DA:14,1
DA:17,1
DA:18,1
DA:19,1
DA:21,1
DA:22,1
DA:23,1
DA:24,1
DA:53,1
DA:55,1
DA:56,1
DA:59,1
DA:65,1
DA:66,1
DA:67,1
DA:68,1
DA:86,1
DA:91,1
DA:93,1
DA:95,1
DA:97,1
DA:98,1
DA:99,1
DA:100,2
DA:103,0
DA:105,0
DA:110,1
DA:112,1
DA:114,1
DA:115,1
DA:116,2
DA:125,1
DA:126,1
DA:127,1
DA:128,4
DA:136,1
DA:137,4
DA:148,1
DA:149,2
DA:159,1
DA:160,0
DA:161,0
DA:163,1
LF:47
LH:43
end_of_record
SF:lib/widgets/hero_carousel_widget.dart
DA:10,3
DA:15,3
DA:16,3
DA:24,1
DA:25,2
DA:26,2
DA:30,3
DA:33,12
DA:36,12
DA:41,3
DA:42,3
DA:44,3
DA:48,3
DA:49,6
DA:52,3
DA:53,3
DA:55,3
DA:56,3
DA:57,3
DA:58,3
DA:59,3
DA:60,3
DA:62,0
DA:63,0
DA:64,0
DA:76,3
DA:77,3
DA:85,3
DA:89,3
DA:91,3
DA:93,3
DA:94,3
DA:95,3
DA:105,3
DA:106,3
DA:107,3
DA:117,3
DA:118,1
DA:119,1
DA:120,2
DA:122,2
DA:127,3
DA:134,3
DA:135,3
DA:151,3
DA:153,3
DA:154,6
DA:155,9
DA:156,3
LF:49
LH:46
end_of_record
