SF:lib/collections.dart
DA:8,2
DA:10,1
DA:11,1
DA:18,0
DA:19,0
DA:22,1
DA:24,3
DA:25,3
DA:26,1
DA:27,1
DA:29,3
DA:32,4
DA:34,1
DA:35,1
DA:36,1
DA:38,1
DA:39,1
DA:41,1
DA:43,1
DA:53,1
DA:54,1
DA:55,1
DA:56,1
DA:57,1
DA:62,2
DA:63,1
DA:65,1
DA:66,1
DA:68,1
DA:69,0
DA:70,0
DA:71,1
DA:72,1
DA:75,1
DA:76,1
DA:77,1
DA:79,1
DA:80,1
DA:81,1
DA:84,0
DA:85,0
DA:86,0
DA:96,1
DA:100,1
DA:107,1
DA:108,1
DA:122,1
DA:124,1
DA:125,1
DA:138,1
DA:141,1
DA:142,0
DA:144,0
DA:145,0
DA:147,0
DA:148,0
DA:149,0
LF:57
LH:44
end_of_record
SF:lib/widgets/header_widget.dart
DA:5,2
DA:7,0
DA:8,0
DA:11,0
DA:15,8
DA:17,32
DA:18,8
DA:21,8
DA:22,8
DA:24,8
DA:25,0
DA:26,8
DA:39,8
DA:40,8
DA:42,8
DA:43,8
DA:44,8
DA:45,0
DA:46,0
DA:48,8
DA:52,7
DA:53,7
DA:54,7
DA:66,8
DA:69,8
DA:73,8
DA:74,8
DA:75,0
DA:82,8
DA:83,0
DA:84,0
DA:91,8
DA:92,8
DA:99,8
DA:100,0
DA:101,0
DA:109,8
DA:110,1
DA:111,1
DA:118,8
DA:119,8
DA:129,8
DA:131,8
DA:133,8
DA:134,8
DA:145,8
DA:147,8
DA:158,0
DA:159,0
DA:161,8
DA:172,0
DA:173,0
DA:176,5
DA:177,10
DA:188,4
DA:190,2
LF:56
LH:41
end_of_record
SF:lib/widgets/footer_widget.dart
DA:4,2
DA:6,0
DA:10,8
DA:11,8
DA:13,8
DA:14,8
DA:24,16
DA:25,8
DA:27,8
DA:29,8
DA:38,8
DA:40,8
DA:42,8
DA:43,8
DA:44,8
DA:45,8
DA:46,8
DA:48,8
DA:51,8
DA:63,8
DA:65,8
DA:67,8
DA:69,8
DA:70,8
DA:72,8
DA:73,8
DA:74,16
DA:76,4
DA:77,4
DA:78,8
DA:85,8
DA:86,4
DA:88,4
DA:90,4
DA:92,4
DA:97,8
DA:99,8
DA:100,8
DA:101,16
DA:109,8
DA:110,16
DA:111,8
DA:113,8
DA:115,8
DA:117,8
LF:45
LH:44
end_of_record
SF:lib/models/product.dart
DA:12,2
DA:24,1
DA:26,10
LF:3
LH:3
end_of_record
SF:lib/product_page.dart
DA:12,1
DA:14,1
DA:15,1
DA:25,1
DA:27,1
DA:30,1
DA:32,2
DA:33,1
DA:36,1
DA:38,2
DA:39,2
DA:40,1
DA:41,1
DA:42,1
DA:43,1
DA:48,1
DA:51,1
DA:52,1
DA:53,2
DA:56,1
DA:59,1
DA:60,1
DA:61,1
DA:63,1
DA:64,1
DA:65,1
DA:66,1
DA:68,0
DA:69,0
DA:70,0
DA:94,1
DA:95,1
DA:97,1
DA:99,1
DA:100,1
DA:101,1
DA:110,1
DA:111,1
DA:112,1
DA:113,1
DA:114,3
DA:123,1
DA:124,3
DA:135,1
DA:136,3
DA:144,1
DA:147,1
DA:149,1
DA:151,1
DA:152,1
DA:154,1
DA:161,1
DA:165,1
DA:166,1
DA:167,1
DA:168,1
DA:171,1
DA:173,1
DA:176,1
DA:177,3
DA:178,1
DA:179,1
DA:180,1
DA:181,2
DA:182,1
DA:193,1
DA:195,1
DA:198,1
DA:200,1
DA:207,1
DA:209,1
DA:210,1
DA:211,1
DA:212,1
DA:215,1
DA:219,1
DA:220,1
DA:227,1
DA:228,2
DA:229,2
DA:230,2
DA:231,2
DA:232,2
DA:237,1
DA:238,1
DA:240,1
DA:241,1
DA:254,1
DA:256,1
DA:258,1
DA:259,1
DA:261,1
DA:262,1
DA:263,1
DA:265,2
DA:266,2
DA:267,1
DA:268,1
DA:269,1
DA:271,1
DA:272,1
DA:273,1
DA:279,1
DA:286,1
DA:287,2
DA:288,2
DA:289,2
DA:290,2
DA:291,2
DA:306,1
DA:309,1
DA:312,1
DA:313,1
DA:315,1
DA:316,2
DA:323,2
DA:324,1
DA:325,1
DA:326,2
DA:327,1
DA:328,1
DA:329,1
DA:331,2
DA:332,1
DA:333,1
DA:334,4
DA:337,1
DA:340,1
DA:341,1
DA:348,1
DA:349,1
DA:358,1
DA:359,1
DA:360,1
DA:368,1
DA:369,1
DA:370,4
DA:383,1
DA:385,1
DA:388,1
DA:394,1
DA:396,1
LF:142
LH:139
end_of_record
SF:lib/models/cart.dart
DA:7,6
DA:9,6
DA:11,2
DA:12,6
DA:13,6
DA:14,6
DA:18,3
DA:27,14
DA:28,3
DA:30,2
DA:31,3
DA:32,2
DA:35,9
DA:44,3
DA:47,2
DA:48,14
DA:49,2
DA:52,2
DA:54,14
DA:55,2
DA:56,2
DA:57,1
DA:59,10
DA:60,2
DA:65,2
DA:66,4
DA:67,2
LF:27
LH:27
end_of_record
SF:lib/cart_page.dart
DA:8,2
DA:10,1
DA:12,1
DA:13,3
DA:14,1
DA:17,1
DA:18,1
DA:19,1
DA:21,1
DA:22,2
DA:23,1
DA:24,1
DA:33,1
DA:34,1
DA:35,1
DA:36,1
DA:38,1
DA:40,1
DA:41,1
DA:44,1
DA:57,1
DA:59,1
DA:61,1
DA:66,1
DA:67,1
DA:68,1
DA:70,1
DA:97,1
DA:99,1
DA:100,1
DA:101,1
DA:102,1
DA:104,1
DA:116,4
DA:118,1
DA:120,1
DA:122,1
DA:130,1
DA:131,1
DA:133,1
DA:134,1
DA:135,1
DA:137,1
DA:139,1
DA:140,1
DA:142,1
DA:143,1
DA:144,4
DA:151,1
DA:152,3
DA:163,1
DA:164,2
DA:165,1
DA:166,1
DA:169,1
DA:176,1
DA:193,1
DA:194,1
DA:195,2
DA:208,1
DA:211,4
DA:212,2
DA:214,1
DA:216,1
DA:219,1
DA:220,0
DA:226,1
DA:228,1
DA:230,1
DA:232,2
DA:235,1
DA:236,1
DA:240,1
DA:241,1
DA:242,1
DA:244,1
DA:252,0
DA:254,0
DA:256,0
DA:257,0
DA:259,0
DA:260,0
DA:262,0
DA:263,0
DA:268,0
DA:270,0
DA:271,0
DA:272,0
DA:280,1
DA:281,1
DA:283,1
DA:284,1
DA:285,1
DA:294,1
DA:295,2
DA:296,1
DA:298,1
DA:303,1
DA:304,2
DA:305,1
DA:307,1
DA:312,1
DA:313,2
DA:326,1
DA:327,1
DA:329,1
DA:330,1
DA:331,1
DA:332,2
DA:333,1
DA:334,5
DA:341,1
DA:343,1
DA:344,2
DA:352,1
DA:353,1
DA:354,5
DA:365,1
DA:366,1
DA:367,1
DA:368,1
DA:371,1
DA:377,1
DA:378,1
DA:380,1
DA:381,1
DA:386,1
DA:387,3
DA:390,1
DA:391,1
DA:392,1
DA:393,2
DA:400,1
DA:401,1
DA:402,1
DA:403,3
DA:404,2
DA:405,2
DA:415,1
DA:417,1
DA:418,1
DA:430,1
DA:431,1
DA:432,1
DA:433,1
DA:438,1
DA:439,1
DA:442,1
LF:148
LH:135
end_of_record
SF:lib/models/cart_item.dart
DA:9,3
DA:18,2
DA:26,2
DA:27,2
DA:28,2
DA:29,2
DA:30,2
DA:31,2
DA:32,0
DA:36,0
DA:38,0
DA:41,0
DA:44,0
DA:45,0
DA:46,0
DA:47,0
DA:48,0
DA:49,0
DA:50,0
DA:53,0
DA:55,0
DA:56,0
DA:57,0
DA:58,0
DA:59,0
DA:60,0
LF:26
LH:8
end_of_record
SF:lib/widgets/mobile_navbar_widget.dart
DA:4,2
DA:6,1
DA:7,2
DA:10,1
DA:13,3
DA:15,3
DA:17,3
DA:19,3
DA:20,3
DA:22,3
DA:23,2
DA:30,3
DA:32,3
DA:33,0
DA:40,3
DA:42,3
DA:43,2
DA:51,3
DA:53,3
DA:54,0
DA:61,3
DA:63,3
DA:64,2
DA:71,3
DA:73,3
DA:74,2
LF:26
LH:24
end_of_record
SF:lib/about_page.dart
DA:6,2
DA:8,0
DA:9,0
DA:12,0
DA:13,0
DA:16,0
DA:20,1
DA:22,4
DA:23,1
DA:25,1
DA:26,1
DA:28,1
DA:42,1
DA:45,0
DA:46,0
DA:47,0
DA:50,1
DA:53,0
DA:54,0
DA:55,0
DA:58,1
DA:61,0
DA:62,0
DA:63,0
DA:66,1
DA:72,0
DA:73,0
DA:74,0
DA:77,1
DA:80,0
DA:81,0
DA:82,0
DA:85,1
DA:88,0
DA:89,0
DA:90,0
DA:97,1
DA:98,1
DA:99,1
DA:103,1
LF:40
LH:17
end_of_record
SF:lib/collection_page.dart
DA:13,0
DA:15,0
DA:16,0
DA:25,0
DA:26,0
DA:29,0
DA:30,0
DA:33,0
DA:37,0
DA:40,0
DA:41,0
DA:44,0
DA:46,0
DA:47,0
DA:49,0
DA:50,0
DA:51,0
DA:52,0
DA:53,0
DA:54,0
DA:59,0
DA:62,0
DA:63,0
DA:64,0
DA:65,0
DA:67,0
DA:68,0
DA:70,0
DA:71,0
DA:76,0
DA:77,0
DA:78,0
DA:79,0
DA:81,0
DA:84,0
DA:85,0
DA:87,0
DA:88,0
DA:90,0
DA:104,0
DA:107,0
DA:108,0
DA:109,0
DA:112,0
DA:115,0
DA:116,0
DA:117,0
DA:120,0
DA:123,0
DA:124,0
DA:125,0
DA:128,0
DA:134,0
DA:135,0
DA:136,0
DA:139,0
DA:142,0
DA:143,0
DA:144,0
DA:147,0
DA:150,0
DA:151,0
DA:152,0
DA:159,0
DA:160,0
DA:161,0
DA:166,0
DA:168,0
DA:169,0
DA:170,0
DA:172,0
DA:174,0
DA:175,0
DA:184,0
DA:186,0
DA:187,0
DA:188,0
DA:189,0
DA:190,0
DA:191,0
DA:196,0
DA:197,0
DA:198,0
DA:199,0
DA:200,0
DA:208,0
DA:215,0
DA:216,0
DA:218,0
DA:219,0
DA:221,0
DA:222,0
DA:224,0
DA:225,0
DA:226,0
DA:231,0
DA:249,0
DA:254,0
DA:256,0
DA:257,0
DA:258,0
DA:259,0
DA:261,0
DA:263,0
DA:264,0
DA:265,0
DA:266,0
DA:268,0
DA:269,0
DA:270,0
DA:278,0
DA:280,0
DA:282,0
DA:283,0
DA:289,0
DA:290,0
LF:116
LH:0
end_of_record
SF:lib/widgets/sort_widget.dart
DA:7,1
DA:13,1
DA:15,1
DA:17,1
DA:18,1
DA:47,1
DA:49,2
LF:7
LH:7
end_of_record
SF:lib/widgets/filter_widget.dart
DA:7,1
DA:13,1
DA:15,1
DA:17,1
DA:27,1
DA:29,3
DA:30,2
DA:31,1
DA:32,1
DA:34,1
DA:40,1
DA:41,2
DA:43,1
DA:45,0
DA:47,2
DA:49,1
DA:53,1
LF:17
LH:16
end_of_record
SF:lib/widgets/pagination_widget.dart
DA:8,4
DA:15,4
DA:18,16
DA:21,4
DA:23,4
DA:24,4
DA:26,18
DA:27,4
DA:38,4
DA:43,4
DA:44,4
DA:45,12
DA:46,4
DA:51,4
DA:52,4
DA:53,12
DA:54,10
DA:56,4
LF:18
LH:18
end_of_record
SF:lib/models/collection.dart
DA:7,2
DA:14,1
DA:16,5
LF:3
LH:3
end_of_record
SF:lib/data/promotions.dart
DA:3,6
LF:1
LH:1
end_of_record
SF:lib/models/promotion_slide.dart
DA:8,2
LF:1
LH:1
end_of_record
SF:lib/login_page.dart
DA:7,2
DA:9,1
DA:10,1
DA:24,1
DA:26,1
DA:27,2
DA:30,1
DA:32,2
DA:33,2
DA:34,2
DA:35,2
DA:36,2
DA:37,2
DA:38,2
DA:39,1
DA:42,1
DA:44,4
DA:47,1
DA:48,1
DA:49,1
DA:51,1
DA:52,1
DA:53,1
DA:54,1
DA:55,1
DA:56,1
DA:57,1
DA:63,1
DA:64,1
DA:65,1
DA:66,1
DA:68,1
DA:69,1
DA:70,1
DA:72,1
DA:73,1
DA:74,1
DA:86,1
DA:87,1
DA:91,1
DA:92,1
DA:98,1
DA:99,1
DA:112,1
DA:113,1
DA:116,2
DA:123,1
DA:124,1
DA:125,3
DA:126,2
DA:132,1
DA:142,1
DA:143,1
DA:144,1
DA:146,1
DA:147,1
DA:148,1
DA:160,1
DA:161,1
DA:167,1
DA:168,1
DA:180,1
DA:181,1
DA:185,1
DA:186,1
DA:192,1
DA:193,1
DA:206,1
DA:207,1
DA:210,2
DA:216,1
DA:217,1
DA:230,1
DA:231,1
DA:234,3
DA:241,1
DA:242,1
DA:243,3
DA:244,2
DA:250,1
LF:80
LH:80
end_of_record
SF:lib/main.dart
DA:18,0
DA:19,0
DA:23,2
DA:25,2
DA:27,2
DA:28,0
DA:29,2
DA:32,2
DA:33,2
DA:38,1
DA:39,2
DA:40,2
DA:41,0
DA:42,0
DA:43,0
DA:45,2
DA:46,0
DA:48,0
DA:49,0
DA:50,0
DA:51,0
DA:52,0
DA:53,0
DA:55,2
DA:56,1
DA:57,1
DA:58,2
DA:60,0
DA:61,0
DA:63,0
DA:64,0
DA:65,0
DA:66,0
DA:68,0
DA:69,0
DA:70,0
DA:71,0
DA:74,0
DA:75,0
DA:76,0
DA:77,0
DA:78,0
DA:79,0
DA:80,0
DA:82,0
DA:83,0
DA:84,0
DA:85,0
DA:87,0
DA:88,0
DA:89,0
DA:90,0
DA:101,2
DA:103,0
DA:104,0
DA:107,0
DA:108,0
DA:111,0
DA:115,2
DA:117,2
DA:118,2
DA:119,2
DA:120,2
DA:125,4
DA:128,2
DA:130,2
DA:132,2
DA:133,2
DA:144,2
DA:148,8
DA:151,2
DA:152,4
DA:153,4
DA:154,4
DA:155,4
DA:175,2
DA:180,2
DA:182,8
DA:183,2
DA:184,0
DA:185,0
DA:187,2
DA:189,2
DA:190,2
DA:191,2
DA:192,4
DA:194,0
DA:195,0
DA:196,0
DA:204,2
DA:206,2
DA:208,2
DA:209,4
DA:215,2
DA:216,4
LF:95
LH:47
end_of_record
SF:lib/sale_page.dart
DA:8,2
DA:10,1
DA:12,4
DA:13,3
DA:14,1
DA:17,1
DA:18,1
DA:19,1
DA:21,1
DA:22,1
DA:23,1
DA:24,1
DA:53,1
DA:55,1
DA:56,1
DA:59,1
DA:65,1
DA:66,1
DA:67,1
DA:68,1
DA:86,1
DA:91,1
DA:93,1
DA:95,1
DA:97,1
DA:98,1
DA:99,1
DA:100,2
DA:103,0
DA:105,0
DA:110,1
DA:112,1
DA:114,1
DA:115,1
DA:116,2
DA:125,1
DA:126,1
DA:127,1
DA:128,4
DA:136,1
DA:137,4
DA:148,1
DA:149,2
DA:159,1
DA:160,0
DA:161,0
DA:163,1
LF:47
LH:43
end_of_record
SF:lib/widgets/hero_carousel_widget.dart
DA:10,3
DA:15,3
DA:16,3
DA:24,1
DA:25,2
DA:26,2
DA:30,3
DA:33,12
DA:36,12
DA:41,3
DA:42,3
DA:44,3
DA:48,3
DA:49,6
DA:52,3
DA:53,3
DA:55,3
DA:56,3
DA:57,3
DA:58,3
DA:59,3
DA:60,3
DA:62,0
DA:63,0
DA:64,0
DA:76,3
DA:77,3
DA:85,3
DA:89,3
DA:91,3
DA:93,3
DA:94,3
DA:95,3
DA:105,3
DA:106,3
DA:107,3
DA:117,3
DA:118,1
DA:119,1
DA:120,2
DA:122,2
DA:127,3
DA:134,3
DA:135,3
DA:151,3
DA:153,3
DA:154,6
DA:155,9
DA:156,3
LF:49
LH:46
end_of_record
